{
  "RSpec": {
    "coverage": {
      "/Users/sababhamidipati/turing_work/1mod/projects/night_writer/lib/braille_reader.rb": {
        "lines": [
          1,
          null,
          1,
          1,
          null,
          1,
          5,
          5,
          5,
          5,
          5,
          null,
          null,
          1,
          7,
          7,
          21,
          null,
          7,
          null,
          null,
          1,
          6,
          null,
          null,
          1,
          5,
          5,
          5,
          null,
          null,
          1,
          28,
          null,
          null,
          1,
          6,
          6,
          18,
          null,
          6,
          null,
          null
        ]
      },
      "/Users/sababhamidipati/turing_work/1mod/projects/night_writer/lib/dictionary.rb": {
        "lines": [
          1,
          1,
          null,
          1,
          32,
          null,
          null,
          null,
          null,
          null,
          null,
          null,
          null,
          null,
          null,
          null,
          null,
          null,
          null,
          null,
          null,
          null,
          null,
          null,
          null,
          null,
          null,
          null,
          null,
          null,
          null,
          null,
          32,
          null,
          null
        ]
      },
      "/Users/sababhamidipati/turing_work/1mod/projects/night_writer/spec/dictionary_spec.rb": {
        "lines": [
          1,
          null,
          1,
          null,
          1,
          1,
          1,
          null,
          null
        ]
      },
      "/Users/sababhamidipati/turing_work/1mod/projects/night_writer/spec/eng_reader_spec.rb": {
        "lines": [
          1,
          null,
          1,
          null,
          1,
          1,
          1,
          1,
          null,
          null,
          1,
          null,
          1,
          null,
          null
        ]
      },
      "/Users/sababhamidipati/turing_work/1mod/projects/night_writer/lib/english_reader.rb": {
        "lines": [
          1,
          null,
          1,
          1,
          null,
          1,
          13,
          13,
          13,
          13,
          13,
          null,
          null,
          1,
          15,
          15,
          15,
          null,
          15,
          null,
          null,
          1,
          14,
          null,
          null,
          1,
          13,
          13,
          13,
          null,
          null,
          1,
          36,
          null,
          null,
          1,
          17,
          17,
          486,
          486,
          null,
          null,
          17,
          null,
          null,
          1,
          16,
          null,
          null,
          1,
          60,
          60,
          15,
          null,
          null
        ]
      },
      "/Users/sababhamidipati/turing_work/1mod/projects/night_writer/spec/english_reader_spec.rb": {
        "lines": [
          1,
          1,
          1,
          1,
          null,
          1,
          null,
          1,
          8,
          8,
          8,
          8,
          null,
          null,
          null,
          1,
          1,
          null,
          null,
          1,
          1,
          null,
          null,
          1,
          1,
          1,
          null,
          null,
          1,
          1,
          null,
          null,
          1,
          null,
          null,
          1,
          1,
          1,
          1,
          null,
          1,
          1,
          null,
          null,
          1,
          1,
          1,
          1,
          null,
          1,
          1,
          null,
          null,
          1,
          1,
          1,
          1,
          null,
          1,
          1,
          null,
          null,
          1,
          1,
          1,
          1,
          null,
          null,
          1,
          1,
          null,
          null
        ]
      }
    },
    "timestamp": 1651011941
  }
}
